{"name": "test_vwologin_negative", "status": "broken", "statusDetails": {"message": "selenium.common.exceptions.NoSuchElementException: Message: no such element: Unable to locate element: {\"method\":\"css selector\",\"selector\":\"[id=\"login-username\"]\"}\n  (Session info: chrome=120.0.6099.227); For documentation on this error, please visit: https://www.selenium.dev/documentation/webdriver/troubleshooting/errors#no-such-element-exception\nStacktrace:\n\tGetHandleVerifier [0x00007FF661082142+3514994]\n\t(No symbol) [0x00007FF660CA0CE2]\n\t(No symbol) [0x00007FF660B476AA]\n\t(No symbol) [0x00007FF660B91860]\n\t(No symbol) [0x00007FF660B9197C]\n\t(No symbol) [0x00007FF660BD4EE7]\n\t(No symbol) [0x00007FF660BB602F]\n\t(No symbol) [0x00007FF660BD28F6]\n\t(No symbol) [0x00007FF660BB5D93]\n\t(No symbol) [0x00007FF660B84BDC]\n\t(No symbol) [0x00007FF660B85C64]\n\tGetHandleVerifier [0x00007FF6610AE16B+3695259]\n\tGetHandleVerifier [0x00007FF661106737+4057191]\n\tGetHandleVerifier [0x00007FF6610FE4E3+4023827]\n\tGetHandleVerifier [0x00007FF660DD04F9+689705]\n\t(No symbol) [0x00007FF660CAC048]\n\t(No symbol) [0x00007FF660CA8044]\n\t(No symbol) [0x00007FF660CA81C9]\n\t(No symbol) [0x00007FF660C988C4]\n\tBaseThreadInitThunk [0x00007FFCF21E257D+29]\n\tRtlUserThreadStart [0x00007FFCF392AA58+40]", "trace": "setup = <selenium.webdriver.chrome.webdriver.WebDriver (session=\"028a6ae4fb1aa6803d1322fda006612c\")>\n\n    @allure.feature(\"TC#2 - VWO App Negative Test\")\n    @allure.epic(\"VWO Login Test\")\n    \n    def test_vwologin_negative(setup):\n        driver = setup\n        #driver.get(\"https://app.vwo.com\")\n        loginPage = LoginPage(driver)\n>       loginPage.login_to_vwo(user=\"admin\",pwd=\"admin\")\n\ntest_vwologin.py:37: \n_ _ _ _ _ _ _ _ _ _ _ _ _ _ _ _ _ _ _ _ _ _ _ _ _ _ _ _ _ _ _ _ _ _ _ _ _ _ _ _\n..\\pageObjects\\loginPage.py:47: in login_to_vwo\n    self.get_username().send_keys(user)\n..\\pageObjects\\loginPage.py:29: in get_username\n    return self.driver.find_element(*LoginPage.username)\n..\\..\\venv\\Lib\\site-packages\\selenium\\webdriver\\remote\\webdriver.py:742: in find_element\n    return self.execute(Command.FIND_ELEMENT, {\"using\": by, \"value\": value})[\"value\"]\n..\\..\\venv\\Lib\\site-packages\\selenium\\webdriver\\remote\\webdriver.py:348: in execute\n    self.error_handler.check_response(response)\n_ _ _ _ _ _ _ _ _ _ _ _ _ _ _ _ _ _ _ _ _ _ _ _ _ _ _ _ _ _ _ _ _ _ _ _ _ _ _ _\n\nself = <selenium.webdriver.remote.errorhandler.ErrorHandler object at 0x000001CEA190C610>\nresponse = {'status': 404, 'value': '{\"value\":{\"error\":\"no such element\",\"message\":\"no such element: Unable to locate element: {\\...07FF660C988C4]\\\\n\\\\tBaseThreadInitThunk [0x00007FFCF21E257D+29]\\\\n\\\\tRtlUserThreadStart [0x00007FFCF392AA58+40]\\\\n\"}}'}\n\n    def check_response(self, response: Dict[str, Any]) -> None:\n        \"\"\"Checks that a JSON response from the WebDriver does not have an\n        error.\n    \n        :Args:\n         - response - The JSON response from the WebDriver server as a dictionary\n           object.\n    \n        :Raises: If the response contains an error message.\n        \"\"\"\n        status = response.get(\"status\", None)\n        if not status or status == ErrorCode.SUCCESS:\n            return\n        value = None\n        message = response.get(\"message\", \"\")\n        screen: str = response.get(\"screen\", \"\")\n        stacktrace = None\n        if isinstance(status, int):\n            value_json = response.get(\"value\", None)\n            if value_json and isinstance(value_json, str):\n                import json\n    \n                try:\n                    value = json.loads(value_json)\n                    if len(value) == 1:\n                        value = value[\"value\"]\n                    status = value.get(\"error\", None)\n                    if not status:\n                        status = value.get(\"status\", ErrorCode.UNKNOWN_ERROR)\n                        message = value.get(\"value\") or value.get(\"message\")\n                        if not isinstance(message, str):\n                            value = message\n                            message = message.get(\"message\")\n                    else:\n                        message = value.get(\"message\", None)\n                except ValueError:\n                    pass\n    \n        exception_class: Type[WebDriverException]\n        e = ErrorCode()\n        error_codes = [item for item in dir(e) if not item.startswith(\"__\")]\n        for error_code in error_codes:\n            error_info = getattr(ErrorCode, error_code)\n            if isinstance(error_info, list) and status in error_info:\n                exception_class = getattr(ExceptionMapping, error_code, WebDriverException)\n                break\n        else:\n            exception_class = WebDriverException\n    \n        if not value:\n            value = response[\"value\"]\n        if isinstance(value, str):\n            raise exception_class(value)\n        if message == \"\" and \"message\" in value:\n            message = value[\"message\"]\n    \n        screen = None  # type: ignore[assignment]\n        if \"screen\" in value:\n            screen = value[\"screen\"]\n    \n        stacktrace = None\n        st_value = value.get(\"stackTrace\") or value.get(\"stacktrace\")\n        if st_value:\n            if isinstance(st_value, str):\n                stacktrace = st_value.split(\"\\n\")\n            else:\n                stacktrace = []\n                try:\n                    for frame in st_value:\n                        line = frame.get(\"lineNumber\", \"\")\n                        file = frame.get(\"fileName\", \"<anonymous>\")\n                        if line:\n                            file = f\"{file}:{line}\"\n                        meth = frame.get(\"methodName\", \"<anonymous>\")\n                        if \"className\" in frame:\n                            meth = f\"{frame['className']}.{meth}\"\n                        msg = \"    at %s (%s)\"\n                        msg = msg % (meth, file)\n                        stacktrace.append(msg)\n                except TypeError:\n                    pass\n        if exception_class == UnexpectedAlertPresentException:\n            alert_text = None\n            if \"data\" in value:\n                alert_text = value[\"data\"].get(\"text\")\n            elif \"alert\" in value:\n                alert_text = value[\"alert\"].get(\"text\")\n            raise exception_class(message, screen, stacktrace, alert_text)  # type: ignore[call-arg]  # mypy is not smart enough here\n>       raise exception_class(message, screen, stacktrace)\nE       selenium.common.exceptions.NoSuchElementException: Message: no such element: Unable to locate element: {\"method\":\"css selector\",\"selector\":\"[id=\"login-username\"]\"}\nE         (Session info: chrome=120.0.6099.227); For documentation on this error, please visit: https://www.selenium.dev/documentation/webdriver/troubleshooting/errors#no-such-element-exception\nE       Stacktrace:\nE       \tGetHandleVerifier [0x00007FF661082142+3514994]\nE       \t(No symbol) [0x00007FF660CA0CE2]\nE       \t(No symbol) [0x00007FF660B476AA]\nE       \t(No symbol) [0x00007FF660B91860]\nE       \t(No symbol) [0x00007FF660B9197C]\nE       \t(No symbol) [0x00007FF660BD4EE7]\nE       \t(No symbol) [0x00007FF660BB602F]\nE       \t(No symbol) [0x00007FF660BD28F6]\nE       \t(No symbol) [0x00007FF660BB5D93]\nE       \t(No symbol) [0x00007FF660B84BDC]\nE       \t(No symbol) [0x00007FF660B85C64]\nE       \tGetHandleVerifier [0x00007FF6610AE16B+3695259]\nE       \tGetHandleVerifier [0x00007FF661106737+4057191]\nE       \tGetHandleVerifier [0x00007FF6610FE4E3+4023827]\nE       \tGetHandleVerifier [0x00007FF660DD04F9+689705]\nE       \t(No symbol) [0x00007FF660CAC048]\nE       \t(No symbol) [0x00007FF660CA8044]\nE       \t(No symbol) [0x00007FF660CA81C9]\nE       \t(No symbol) [0x00007FF660C988C4]\nE       \tBaseThreadInitThunk [0x00007FFCF21E257D+29]\nE       \tRtlUserThreadStart [0x00007FFCF392AA58+40]\n\n..\\..\\venv\\Lib\\site-packages\\selenium\\webdriver\\remote\\errorhandler.py:229: NoSuchElementException"}, "start": 1706503918825, "stop": 1706503918893, "uuid": "06f2ea41-370b-4eee-85c3-8948969a3cb3", "historyId": "b2526819df22a45cc5eb214191a87153", "testCaseId": "b2526819df22a45cc5eb214191a87153", "fullName": "tests.vwoLoginTests.test_vwologin#test_vwologin_negative", "labels": [{"name": "feature", "value": "TC#2 - VWO App Negative Test"}, {"name": "epic", "value": "VWO Login Test"}, {"name": "parentSuite", "value": "tests.vwoLoginTests"}, {"name": "suite", "value": "test_vwologin"}, {"name": "host", "value": "LAPTOP-66HRS2Q4"}, {"name": "thread", "value": "17252-MainThread"}, {"name": "framework", "value": "pytest"}, {"name": "language", "value": "cpython3"}, {"name": "package", "value": "tests.vwoLoginTests.test_vwologin"}]}